<?xml version="1.0" encoding="UTF-8"?>
<!-- Generated by org.testng.reporters.JUnitReportReporter -->
<testsuite hostname="Gauravs-MBP" failures="0" tests="3" name="Selenium_Stuff.Selenium_4_Stuffs.DataProvider" time="0.045" errors="0" timestamp="2020-01-02T14:16:26 IST" skipped="0">
  <testcase classname="Selenium_Stuff.Selenium_4_Stuffs.DataProvider" name="method" time="0.013"/>
  <testcase classname="Selenium_Stuff.Selenium_4_Stuffs.DataProvider" name="method" time="0.017"/>
  <testcase classname="Selenium_Stuff.Selenium_4_Stuffs.DataProvider" name="method" time="0.015"/>
</testsuite> <!-- Selenium_Stuff.Selenium_4_Stuffs.DataProvider -->
